<?xml version="1.0" encoding="UTF-8"?>
<testng-results ignored="0" total="1" passed="1" failed="0" skipped="0">
  <reporter-output>
  </reporter-output>
  <suite started-at="2023-04-11T18:47:46 IST" name="Default suite" finished-at="2023-04-11T18:47:56 IST" duration-ms="10405">
    <groups>
    </groups>
    <test started-at="2023-04-11T18:47:46 IST" name="Default test" finished-at="2023-04-11T18:47:56 IST" duration-ms="10405">
      <class name="websitecap.webmaintest">
        <test-method signature="OpenBrowser()[pri:0, instance:websitecap.webmaintest@c8c12ac]" started-at="2023-04-11T18:47:46 IST" name="OpenBrowser" finished-at="2023-04-11T18:47:56 IST" duration-ms="10331" status="PASS">
          <reporter-output>
          </reporter-output>
        </test-method> <!-- OpenBrowser -->
      </class> <!-- websitecap.webmaintest -->
    </test> <!-- Default test -->
  </suite> <!-- Default suite -->
</testng-results>
